2022-08-02 15:36:13,050 [NonParallelWorker] INFO TideSpecFlow.Utility.lognet - generateReport
2022-08-02 15:36:13,077 [NonParallelWorker] INFO TideSpecFlow.Utility.lognet - FeatureWebsites
2022-08-02 15:36:15,423 [NonParallelWorker] INFO TideSpecFlow.Utility.lognet - InitializeDriver
2022-08-02 15:36:15,425 [NonParallelWorker] INFO TideSpecFlow.Utility.lognet - FeatureWebsites
2022-08-02 15:36:18,204 [NonParallelWorker] INFO TideSpecFlow.Utility.lognet - NavigateURL
2022-08-02 15:36:23,637 [NonParallelWorker] INFO TideSpecFlow.Utility.lognet - ClickOnButton
2022-08-02 15:36:24,037 [NonParallelWorker] INFO TideSpecFlow.Utility.lognet - TakeSshottest
2022-08-02 15:36:30,018 [NonParallelWorker] INFO TideSpecFlow.Utility.lognet - InitializeDriver
2022-08-02 15:36:30,020 [NonParallelWorker] INFO TideSpecFlow.Utility.lognet - FeatureWebsites
2022-08-02 15:36:32,802 [NonParallelWorker] INFO TideSpecFlow.Utility.lognet - NavigateURL
2022-08-02 15:36:37,850 [NonParallelWorker] INFO TideSpecFlow.Utility.lognet - ClickOnButton
2022-08-02 15:36:38,202 [NonParallelWorker] INFO TideSpecFlow.Utility.lognet - TakeSshottest
2022-08-02 15:36:44,230 [NonParallelWorker] INFO TideSpecFlow.Utility.lognet - InitializeDriver
2022-08-02 15:36:44,231 [NonParallelWorker] INFO TideSpecFlow.Utility.lognet - FeatureWebsites
2022-08-02 15:36:48,377 [NonParallelWorker] INFO TideSpecFlow.Utility.lognet - NavigateURL
2022-08-02 15:36:52,887 [NonParallelWorker] INFO TideSpecFlow.Utility.lognet - ClickOnLiveChat
2022-08-02 15:36:53,171 [NonParallelWorker] INFO TideSpecFlow.Utility.lognet - ScrollToLiveChat
2022-08-02 15:36:53,362 [NonParallelWorker] INFO TideSpecFlow.Utility.lognet - TakeSshottest
2022-08-02 15:36:55,382 [NonParallelWorker] INFO TideSpecFlow.Utility.lognet - InitializeDriver
2022-08-02 15:36:55,382 [NonParallelWorker] INFO TideSpecFlow.Utility.lognet - FeatureWebsites
2022-08-02 15:36:58,415 [NonParallelWorker] INFO TideSpecFlow.Utility.lognet - NavigateURL
2022-08-02 15:37:02,701 [NonParallelWorker] INFO TideSpecFlow.Utility.lognet - ClickOnSearchBar
2022-08-02 15:37:03,704 [NonParallelWorker] INFO TideSpecFlow.Utility.lognet - EnterDataInSearchBar
2022-08-02 15:37:04,132 [NonParallelWorker] INFO TideSpecFlow.Utility.lognet - TakeSshottest
2022-08-02 15:37:06,687 [NonParallelWorker] INFO TideSpecFlow.Utility.lognet - InitializeDriver
2022-08-02 15:37:06,687 [NonParallelWorker] INFO TideSpecFlow.Utility.lognet - FeatureWebsites
2022-08-02 15:37:11,373 [NonParallelWorker] INFO TideSpecFlow.Utility.lognet - NavigateURL
2022-08-02 15:37:15,689 [NonParallelWorker] INFO TideSpecFlow.Utility.lognet - ClickOnbutton
2022-08-02 15:37:19,617 [NonParallelWorker] INFO TideSpecFlow.Utility.lognet - SelectLanguage
2022-08-02 15:37:20,087 [NonParallelWorker] INFO TideSpecFlow.Utility.lognet - TakeSshottest
2022-08-02 15:37:26,045 [NonParallelWorker] INFO TideSpecFlow.Utility.lognet - InitializeDriver
2022-08-02 15:37:26,046 [NonParallelWorker] INFO TideSpecFlow.Utility.lognet - FeatureWebsites
2022-08-02 15:37:31,617 [NonParallelWorker] INFO TideSpecFlow.Utility.lognet - NavigateURL
2022-08-02 15:37:36,325 [NonParallelWorker] INFO TideSpecFlow.Utility.lognet - ClickOnButton
2022-08-02 15:37:59,826 [NonParallelWorker] INFO TideSpecFlow.Utility.lognet - SelectProducts
2022-08-02 15:38:03,012 [NonParallelWorker] INFO TideSpecFlow.Utility.lognet - ClickOnFindRetailers
2022-08-02 15:38:03,189 [NonParallelWorker] INFO TideSpecFlow.Utility.lognet - TakeSshottest
2022-08-02 15:38:06,142 [NonParallelWorker] INFO TideSpecFlow.Utility.lognet - InitializeDriver
2022-08-02 15:38:06,142 [NonParallelWorker] INFO TideSpecFlow.Utility.lognet - FeatureWebsites
2022-08-02 15:38:08,633 [NonParallelWorker] INFO TideSpecFlow.Utility.lognet - NavigateURL
2022-08-02 15:38:13,261 [NonParallelWorker] INFO TideSpecFlow.Utility.lognet - EnterEmail
2022-08-02 15:38:15,489 [NonParallelWorker] INFO TideSpecFlow.Utility.lognet - EnterPassword
2022-08-02 15:38:15,787 [NonParallelWorker] INFO TideSpecFlow.Utility.lognet - Loginn
2022-08-02 15:38:16,067 [NonParallelWorker] INFO TideSpecFlow.Utility.lognet - TakeSshottest
2022-08-02 15:38:18,732 [NonParallelWorker] INFO TideSpecFlow.Utility.lognet - InitializeDriver
2022-08-02 15:38:18,732 [NonParallelWorker] INFO TideSpecFlow.Utility.lognet - FeatureWebsites
2022-08-02 15:38:23,400 [NonParallelWorker] INFO TideSpecFlow.Utility.lognet - NavigateURL
2022-08-02 15:38:28,201 [NonParallelWorker] INFO TideSpecFlow.Utility.lognet - ClickOnButton
2022-08-02 15:38:29,313 [NonParallelWorker] INFO TideSpecFlow.Utility.lognet - ScrollToElement
2022-08-02 15:38:29,842 [NonParallelWorker] INFO TideSpecFlow.Utility.lognet - TakeSshottest
2022-08-02 15:38:32,691 [NonParallelWorker] INFO TideSpecFlow.Utility.lognet - InitializeDriver
2022-08-02 15:38:32,691 [NonParallelWorker] INFO TideSpecFlow.Utility.lognet - FeatureWebsites
2022-08-02 15:38:37,903 [NonParallelWorker] INFO TideSpecFlow.Utility.lognet - NavigateURL
2022-08-02 15:38:42,683 [NonParallelWorker] INFO TideSpecFlow.Utility.lognet - ClickOnButton
2022-08-02 15:38:46,044 [NonParallelWorker] INFO TideSpecFlow.Utility.lognet - ClickontheSignup
2022-08-02 15:38:46,389 [NonParallelWorker] INFO TideSpecFlow.Utility.lognet - TakeSshottest
2022-08-02 15:38:48,804 [NonParallelWorker] INFO TideSpecFlow.Utility.lognet - InitializeDriver
2022-08-02 15:38:48,804 [NonParallelWorker] INFO TideSpecFlow.Utility.lognet - FeatureWebsites
2022-08-02 15:38:57,053 [NonParallelWorker] INFO TideSpecFlow.Utility.lognet - NavigateURL
2022-08-02 15:39:01,980 [NonParallelWorker] INFO TideSpecFlow.Utility.lognet - ClickOnWhat_sNewButton
2022-08-02 15:39:02,508 [NonParallelWorker] INFO TideSpecFlow.Utility.lognet - TakeSshottest
2022-08-02 15:39:14,998 [NonParallelWorker] INFO TideSpecFlow.Utility.lognet - flushReport
2022-08-02 15:44:27,123 [NonParallelWorker] INFO TideSpecFlow.Utility.lognet - generateReport
2022-08-02 15:44:27,153 [NonParallelWorker] INFO TideSpecFlow.Utility.lognet - FeatureWebsites
2022-08-02 15:44:29,261 [NonParallelWorker] INFO TideSpecFlow.Utility.lognet - InitializeDriver
2022-08-02 15:44:29,264 [NonParallelWorker] INFO TideSpecFlow.Utility.lognet - FeatureWebsites
2022-08-02 15:44:33,654 [NonParallelWorker] INFO TideSpecFlow.Utility.lognet - NavigateURL
2022-08-02 15:44:39,258 [NonParallelWorker] INFO TideSpecFlow.Utility.lognet - ClickOnButton
2022-08-02 15:44:39,770 [NonParallelWorker] INFO TideSpecFlow.Utility.lognet - TakeSshottest
2022-08-02 15:44:45,801 [NonParallelWorker] INFO TideSpecFlow.Utility.lognet - InitializeDriver
2022-08-02 15:44:45,801 [NonParallelWorker] INFO TideSpecFlow.Utility.lognet - FeatureWebsites
2022-08-02 15:44:49,595 [NonParallelWorker] INFO TideSpecFlow.Utility.lognet - NavigateURL
2022-08-02 15:44:54,156 [NonParallelWorker] INFO TideSpecFlow.Utility.lognet - ClickOnButton
2022-08-02 15:44:54,555 [NonParallelWorker] INFO TideSpecFlow.Utility.lognet - TakeSshottest
2022-08-02 15:45:00,856 [NonParallelWorker] INFO TideSpecFlow.Utility.lognet - InitializeDriver
2022-08-02 15:45:00,856 [NonParallelWorker] INFO TideSpecFlow.Utility.lognet - FeatureWebsites
2022-08-02 15:45:05,078 [NonParallelWorker] INFO TideSpecFlow.Utility.lognet - NavigateURL
2022-08-02 15:45:09,651 [NonParallelWorker] INFO TideSpecFlow.Utility.lognet - ClickOnLiveChat
2022-08-02 15:45:09,955 [NonParallelWorker] INFO TideSpecFlow.Utility.lognet - ScrollToLiveChat
2022-08-02 15:45:10,531 [NonParallelWorker] INFO TideSpecFlow.Utility.lognet - TakeSshottest
2022-08-02 15:45:12,878 [NonParallelWorker] INFO TideSpecFlow.Utility.lognet - InitializeDriver
2022-08-02 15:45:12,879 [NonParallelWorker] INFO TideSpecFlow.Utility.lognet - FeatureWebsites
2022-08-02 15:45:17,288 [NonParallelWorker] INFO TideSpecFlow.Utility.lognet - NavigateURL
2022-08-02 15:45:21,596 [NonParallelWorker] INFO TideSpecFlow.Utility.lognet - ClickOnSearchBar
2022-08-02 15:45:22,630 [NonParallelWorker] INFO TideSpecFlow.Utility.lognet - EnterDataInSearchBar
2022-08-02 15:45:23,059 [NonParallelWorker] INFO TideSpecFlow.Utility.lognet - TakeSshottest
2022-08-02 15:45:25,629 [NonParallelWorker] INFO TideSpecFlow.Utility.lognet - InitializeDriver
2022-08-02 15:45:25,630 [NonParallelWorker] INFO TideSpecFlow.Utility.lognet - FeatureWebsites
2022-08-02 15:45:29,000 [NonParallelWorker] INFO TideSpecFlow.Utility.lognet - NavigateURL
2022-08-02 15:45:33,287 [NonParallelWorker] INFO TideSpecFlow.Utility.lognet - ClickOnbutton
2022-08-02 15:45:37,317 [NonParallelWorker] INFO TideSpecFlow.Utility.lognet - SelectLanguage
2022-08-02 15:45:37,888 [NonParallelWorker] INFO TideSpecFlow.Utility.lognet - TakeSshottest
2022-08-02 15:45:39,959 [NonParallelWorker] INFO TideSpecFlow.Utility.lognet - InitializeDriver
2022-08-02 15:45:39,959 [NonParallelWorker] INFO TideSpecFlow.Utility.lognet - FeatureWebsites
2022-08-02 15:45:44,784 [NonParallelWorker] INFO TideSpecFlow.Utility.lognet - NavigateURL
2022-08-02 15:45:49,501 [NonParallelWorker] INFO TideSpecFlow.Utility.lognet - ClickOnButton
2022-08-02 15:46:14,329 [NonParallelWorker] INFO TideSpecFlow.Utility.lognet - SelectProducts
2022-08-02 15:46:18,548 [NonParallelWorker] INFO TideSpecFlow.Utility.lognet - ClickOnFindRetailers
2022-08-02 15:46:18,935 [NonParallelWorker] INFO TideSpecFlow.Utility.lognet - TakeSshottest
2022-08-02 15:46:25,102 [NonParallelWorker] INFO TideSpecFlow.Utility.lognet - InitializeDriver
2022-08-02 15:46:25,102 [NonParallelWorker] INFO TideSpecFlow.Utility.lognet - FeatureWebsites
2022-08-02 15:46:27,239 [NonParallelWorker] INFO TideSpecFlow.Utility.lognet - NavigateURL
2022-08-02 15:46:31,078 [NonParallelWorker] INFO TideSpecFlow.Utility.lognet - EnterEmail
2022-08-02 15:46:33,266 [NonParallelWorker] INFO TideSpecFlow.Utility.lognet - EnterPassword
2022-08-02 15:46:33,452 [NonParallelWorker] INFO TideSpecFlow.Utility.lognet - Loginn
2022-08-02 15:46:33,637 [NonParallelWorker] INFO TideSpecFlow.Utility.lognet - TakeSshottest
2022-08-02 15:46:39,924 [NonParallelWorker] INFO TideSpecFlow.Utility.lognet - InitializeDriver
2022-08-02 15:46:39,925 [NonParallelWorker] INFO TideSpecFlow.Utility.lognet - FeatureWebsites
2022-08-02 15:46:58,738 [NonParallelWorker] INFO TideSpecFlow.Utility.lognet - NavigateURL
2022-08-02 15:47:04,161 [NonParallelWorker] INFO TideSpecFlow.Utility.lognet - ClickOnButton
2022-08-02 15:47:05,122 [NonParallelWorker] INFO TideSpecFlow.Utility.lognet - ScrollToElement
2022-08-02 15:47:05,734 [NonParallelWorker] INFO TideSpecFlow.Utility.lognet - TakeSshottest
2022-08-02 15:47:11,980 [NonParallelWorker] INFO TideSpecFlow.Utility.lognet - InitializeDriver
2022-08-02 15:47:11,980 [NonParallelWorker] INFO TideSpecFlow.Utility.lognet - FeatureWebsites
2022-08-02 15:47:16,962 [NonParallelWorker] INFO TideSpecFlow.Utility.lognet - NavigateURL
2022-08-02 15:47:21,535 [NonParallelWorker] INFO TideSpecFlow.Utility.lognet - ClickOnButton
2022-08-02 15:47:24,904 [NonParallelWorker] INFO TideSpecFlow.Utility.lognet - ClickontheSignup
2022-08-02 15:47:25,151 [NonParallelWorker] INFO TideSpecFlow.Utility.lognet - TakeSshottest
2022-08-02 15:47:27,241 [NonParallelWorker] INFO TideSpecFlow.Utility.lognet - InitializeDriver
2022-08-02 15:47:27,241 [NonParallelWorker] INFO TideSpecFlow.Utility.lognet - FeatureWebsites
2022-08-02 15:47:37,462 [NonParallelWorker] INFO TideSpecFlow.Utility.lognet - NavigateURL
2022-08-02 15:47:42,159 [NonParallelWorker] INFO TideSpecFlow.Utility.lognet - ClickOnWhat_sNewButton
2022-08-02 15:47:42,576 [NonParallelWorker] INFO TideSpecFlow.Utility.lognet - TakeSshottest
2022-08-02 15:47:49,903 [NonParallelWorker] INFO TideSpecFlow.Utility.lognet - flushReport
2022-08-02 15:49:44,306 [NonParallelWorker] INFO TideSpecFlow.Utility.lognet - generateReport
2022-08-02 15:49:44,329 [NonParallelWorker] INFO TideSpecFlow.Utility.lognet - FeatureWebsites
2022-08-02 15:49:46,495 [NonParallelWorker] INFO TideSpecFlow.Utility.lognet - InitializeDriver
2022-08-02 15:49:46,498 [NonParallelWorker] INFO TideSpecFlow.Utility.lognet - FeatureWebsites
2022-08-02 15:49:50,027 [NonParallelWorker] INFO TideSpecFlow.Utility.lognet - NavigateURL
2022-08-02 15:49:55,692 [NonParallelWorker] INFO TideSpecFlow.Utility.lognet - ClickOnButton
2022-08-02 15:49:56,086 [NonParallelWorker] INFO TideSpecFlow.Utility.lognet - TakeSshottest
2022-08-02 15:50:02,316 [NonParallelWorker] INFO TideSpecFlow.Utility.lognet - InitializeDriver
2022-08-02 15:50:02,316 [NonParallelWorker] INFO TideSpecFlow.Utility.lognet - FeatureWebsites
2022-08-02 15:50:06,146 [NonParallelWorker] INFO TideSpecFlow.Utility.lognet - NavigateURL
2022-08-02 15:50:10,803 [NonParallelWorker] INFO TideSpecFlow.Utility.lognet - ClickOnButton
2022-08-02 15:50:11,243 [NonParallelWorker] INFO TideSpecFlow.Utility.lognet - TakeSshottest
2022-08-02 15:50:17,403 [NonParallelWorker] INFO TideSpecFlow.Utility.lognet - InitializeDriver
2022-08-02 15:50:17,403 [NonParallelWorker] INFO TideSpecFlow.Utility.lognet - FeatureWebsites
2022-08-02 15:50:22,093 [NonParallelWorker] INFO TideSpecFlow.Utility.lognet - NavigateURL
2022-08-02 15:50:26,892 [NonParallelWorker] INFO TideSpecFlow.Utility.lognet - ClickOnLiveChat
2022-08-02 15:50:27,026 [NonParallelWorker] INFO TideSpecFlow.Utility.lognet - ScrollToLiveChat
2022-08-02 15:50:27,543 [NonParallelWorker] INFO TideSpecFlow.Utility.lognet - TakeSshottest
2022-08-02 15:50:33,583 [NonParallelWorker] INFO TideSpecFlow.Utility.lognet - InitializeDriver
2022-08-02 15:50:33,584 [NonParallelWorker] INFO TideSpecFlow.Utility.lognet - FeatureWebsites
2022-08-02 15:50:38,296 [NonParallelWorker] INFO TideSpecFlow.Utility.lognet - NavigateURL
2022-08-02 15:50:42,622 [NonParallelWorker] INFO TideSpecFlow.Utility.lognet - ClickOnSearchBar
2022-08-02 15:50:44,425 [NonParallelWorker] INFO TideSpecFlow.Utility.lognet - EnterDataInSearchBar
2022-08-02 15:50:44,624 [NonParallelWorker] INFO TideSpecFlow.Utility.lognet - TakeSshottest
2022-08-02 15:50:46,914 [NonParallelWorker] INFO TideSpecFlow.Utility.lognet - InitializeDriver
2022-08-02 15:50:46,914 [NonParallelWorker] INFO TideSpecFlow.Utility.lognet - FeatureWebsites
2022-08-02 15:50:48,842 [NonParallelWorker] INFO TideSpecFlow.Utility.lognet - NavigateURL
2022-08-02 15:50:53,345 [NonParallelWorker] INFO TideSpecFlow.Utility.lognet - InitializeDriver
2022-08-02 15:50:53,345 [NonParallelWorker] INFO TideSpecFlow.Utility.lognet - FeatureWebsites
2022-08-02 15:50:57,911 [NonParallelWorker] INFO TideSpecFlow.Utility.lognet - NavigateURL
2022-08-02 15:51:02,646 [NonParallelWorker] INFO TideSpecFlow.Utility.lognet - ClickOnButton
2022-08-02 15:51:06,871 [NonParallelWorker] INFO TideSpecFlow.Utility.lognet - SelectProducts
2022-08-02 15:51:25,045 [NonParallelWorker] INFO TideSpecFlow.Utility.lognet - ClickOnFindRetailers
2022-08-02 15:51:25,231 [NonParallelWorker] INFO TideSpecFlow.Utility.lognet - TakeSshottest
2022-08-02 15:51:27,935 [NonParallelWorker] INFO TideSpecFlow.Utility.lognet - InitializeDriver
2022-08-02 15:51:27,935 [NonParallelWorker] INFO TideSpecFlow.Utility.lognet - FeatureWebsites
2022-08-02 15:51:31,627 [NonParallelWorker] INFO TideSpecFlow.Utility.lognet - NavigateURL
2022-08-02 15:51:37,254 [NonParallelWorker] INFO TideSpecFlow.Utility.lognet - EnterEmail
2022-08-02 15:51:39,449 [NonParallelWorker] INFO TideSpecFlow.Utility.lognet - EnterPassword
2022-08-02 15:51:39,684 [NonParallelWorker] INFO TideSpecFlow.Utility.lognet - Loginn
2022-08-02 15:51:40,314 [NonParallelWorker] INFO TideSpecFlow.Utility.lognet - TakeSshottest
2022-08-02 15:51:43,169 [NonParallelWorker] INFO TideSpecFlow.Utility.lognet - InitializeDriver
2022-08-02 15:51:43,169 [NonParallelWorker] INFO TideSpecFlow.Utility.lognet - FeatureWebsites
2022-08-02 15:51:48,116 [NonParallelWorker] INFO TideSpecFlow.Utility.lognet - NavigateURL
2022-08-02 15:51:52,741 [NonParallelWorker] INFO TideSpecFlow.Utility.lognet - ClickOnButton
2022-08-02 15:51:53,250 [NonParallelWorker] INFO TideSpecFlow.Utility.lognet - ScrollToElement
2022-08-02 15:51:53,700 [NonParallelWorker] INFO TideSpecFlow.Utility.lognet - TakeSshottest
2022-08-02 15:51:56,020 [NonParallelWorker] INFO TideSpecFlow.Utility.lognet - InitializeDriver
2022-08-02 15:51:56,020 [NonParallelWorker] INFO TideSpecFlow.Utility.lognet - FeatureWebsites
2022-08-02 15:51:58,361 [NonParallelWorker] INFO TideSpecFlow.Utility.lognet - NavigateURL
2022-08-02 15:52:06,571 [NonParallelWorker] INFO TideSpecFlow.Utility.lognet - InitializeDriver
2022-08-02 15:52:06,571 [NonParallelWorker] INFO TideSpecFlow.Utility.lognet - FeatureWebsites
2022-08-02 15:52:11,989 [NonParallelWorker] INFO TideSpecFlow.Utility.lognet - NavigateURL
2022-08-02 15:52:16,674 [NonParallelWorker] INFO TideSpecFlow.Utility.lognet - ClickOnWhat_sNewButton
2022-08-02 15:52:17,120 [NonParallelWorker] INFO TideSpecFlow.Utility.lognet - TakeSshottest
2022-08-02 15:52:28,004 [NonParallelWorker] INFO TideSpecFlow.Utility.lognet - flushReport
2022-08-02 15:59:41,408 [NonParallelWorker] INFO TideSpecFlow.Utility.lognet - generateReport
2022-08-02 15:59:41,428 [NonParallelWorker] INFO TideSpecFlow.Utility.lognet - FeatureWebsites
2022-08-02 15:59:43,751 [NonParallelWorker] INFO TideSpecFlow.Utility.lognet - InitializeDriver
2022-08-02 15:59:43,758 [NonParallelWorker] INFO TideSpecFlow.Utility.lognet - FeatureWebsites
2022-08-02 15:59:52,933 [NonParallelWorker] INFO TideSpecFlow.Utility.lognet - NavigateURL
2022-08-02 15:59:57,499 [NonParallelWorker] INFO TideSpecFlow.Utility.lognet - ClickOnButton
2022-08-02 16:00:00,766 [NonParallelWorker] INFO TideSpecFlow.Utility.lognet - ClickontheSignup
2022-08-02 16:00:01,093 [NonParallelWorker] INFO TideSpecFlow.Utility.lognet - TakeSshottest
2022-08-02 16:00:10,569 [NonParallelWorker] INFO TideSpecFlow.Utility.lognet - flushReport
2022-08-02 16:00:20,109 [NonParallelWorker] INFO TideSpecFlow.Utility.lognet - generateReport
2022-08-02 16:00:20,137 [NonParallelWorker] INFO TideSpecFlow.Utility.lognet - FeatureWebsites
2022-08-02 16:00:22,111 [NonParallelWorker] INFO TideSpecFlow.Utility.lognet - InitializeDriver
2022-08-02 16:00:22,114 [NonParallelWorker] INFO TideSpecFlow.Utility.lognet - FeatureWebsites
2022-08-02 16:00:26,928 [NonParallelWorker] INFO TideSpecFlow.Utility.lognet - NavigateURL
2022-08-02 16:00:31,277 [NonParallelWorker] INFO TideSpecFlow.Utility.lognet - ClickOnbutton
2022-08-02 16:00:42,048 [NonParallelWorker] INFO TideSpecFlow.Utility.lognet - SelectLanguage
2022-08-02 16:00:42,619 [NonParallelWorker] INFO TideSpecFlow.Utility.lognet - TakeSshottest
2022-08-02 16:00:54,374 [NonParallelWorker] INFO TideSpecFlow.Utility.lognet - flushReport
2022-08-02 16:01:05,027 [NonParallelWorker] INFO TideSpecFlow.Utility.lognet - generateReport
2022-08-02 16:01:05,053 [NonParallelWorker] INFO TideSpecFlow.Utility.lognet - FeatureWebsites
2022-08-02 16:01:07,122 [NonParallelWorker] INFO TideSpecFlow.Utility.lognet - InitializeDriver
2022-08-02 16:01:07,124 [NonParallelWorker] INFO TideSpecFlow.Utility.lognet - FeatureWebsites
2022-08-02 16:01:13,055 [NonParallelWorker] INFO TideSpecFlow.Utility.lognet - NavigateURL
2022-08-02 16:01:18,619 [NonParallelWorker] INFO TideSpecFlow.Utility.lognet - ClickOnButton
2022-08-02 16:01:19,043 [NonParallelWorker] INFO TideSpecFlow.Utility.lognet - TakeSshottest
2022-08-02 16:01:21,569 [NonParallelWorker] INFO TideSpecFlow.Utility.lognet - InitializeDriver
2022-08-02 16:01:21,569 [NonParallelWorker] INFO TideSpecFlow.Utility.lognet - FeatureWebsites
2022-08-02 16:01:29,743 [NonParallelWorker] INFO TideSpecFlow.Utility.lognet - NavigateURL
2022-08-02 16:01:34,376 [NonParallelWorker] INFO TideSpecFlow.Utility.lognet - ClickOnButton
2022-08-02 16:01:34,696 [NonParallelWorker] INFO TideSpecFlow.Utility.lognet - TakeSshottest
2022-08-02 16:01:40,938 [NonParallelWorker] INFO TideSpecFlow.Utility.lognet - InitializeDriver
2022-08-02 16:01:40,938 [NonParallelWorker] INFO TideSpecFlow.Utility.lognet - FeatureWebsites
2022-08-02 16:01:43,594 [NonParallelWorker] INFO TideSpecFlow.Utility.lognet - NavigateURL
2022-08-02 16:01:48,083 [NonParallelWorker] INFO TideSpecFlow.Utility.lognet - ClickOnLiveChat
2022-08-02 16:01:48,400 [NonParallelWorker] INFO TideSpecFlow.Utility.lognet - ScrollToLiveChat
2022-08-02 16:01:48,954 [NonParallelWorker] INFO TideSpecFlow.Utility.lognet - TakeSshottest
2022-08-02 16:01:55,076 [NonParallelWorker] INFO TideSpecFlow.Utility.lognet - InitializeDriver
2022-08-02 16:01:55,076 [NonParallelWorker] INFO TideSpecFlow.Utility.lognet - FeatureWebsites
2022-08-02 16:01:59,744 [NonParallelWorker] INFO TideSpecFlow.Utility.lognet - NavigateURL
2022-08-02 16:02:04,083 [NonParallelWorker] INFO TideSpecFlow.Utility.lognet - ClickOnSearchBar
2022-08-02 16:02:05,049 [NonParallelWorker] INFO TideSpecFlow.Utility.lognet - EnterDataInSearchBar
2022-08-02 16:02:05,518 [NonParallelWorker] INFO TideSpecFlow.Utility.lognet - TakeSshottest
2022-08-02 16:02:07,968 [NonParallelWorker] INFO TideSpecFlow.Utility.lognet - InitializeDriver
2022-08-02 16:02:07,969 [NonParallelWorker] INFO TideSpecFlow.Utility.lognet - FeatureWebsites
2022-08-02 16:02:12,353 [NonParallelWorker] INFO TideSpecFlow.Utility.lognet - NavigateURL
2022-08-02 16:02:16,771 [NonParallelWorker] INFO TideSpecFlow.Utility.lognet - ClickOnbutton
2022-08-02 16:02:25,040 [NonParallelWorker] INFO TideSpecFlow.Utility.lognet - InitializeDriver
2022-08-02 16:02:25,040 [NonParallelWorker] INFO TideSpecFlow.Utility.lognet - FeatureWebsites
2022-08-02 16:02:27,556 [NonParallelWorker] INFO TideSpecFlow.Utility.lognet - NavigateURL
2022-08-02 16:02:32,380 [NonParallelWorker] INFO TideSpecFlow.Utility.lognet - ClickOnButton
2022-08-02 16:02:35,020 [NonParallelWorker] INFO TideSpecFlow.Utility.lognet - SelectProducts
2022-08-02 16:02:59,725 [NonParallelWorker] INFO TideSpecFlow.Utility.lognet - ClickOnFindRetailers
2022-08-02 16:02:59,933 [NonParallelWorker] INFO TideSpecFlow.Utility.lognet - TakeSshottest
2022-08-02 16:03:02,971 [NonParallelWorker] INFO TideSpecFlow.Utility.lognet - InitializeDriver
2022-08-02 16:03:02,971 [NonParallelWorker] INFO TideSpecFlow.Utility.lognet - FeatureWebsites
2022-08-02 16:03:05,731 [NonParallelWorker] INFO TideSpecFlow.Utility.lognet - NavigateURL
2022-08-02 16:03:10,776 [NonParallelWorker] INFO TideSpecFlow.Utility.lognet - EnterEmail
2022-08-02 16:03:13,009 [NonParallelWorker] INFO TideSpecFlow.Utility.lognet - EnterPassword
2022-08-02 16:03:13,238 [NonParallelWorker] INFO TideSpecFlow.Utility.lognet - Loginn
2022-08-02 16:03:13,426 [NonParallelWorker] INFO TideSpecFlow.Utility.lognet - TakeSshottest
2022-08-02 16:03:16,081 [NonParallelWorker] INFO TideSpecFlow.Utility.lognet - InitializeDriver
2022-08-02 16:03:16,081 [NonParallelWorker] INFO TideSpecFlow.Utility.lognet - FeatureWebsites
2022-08-02 16:03:21,747 [NonParallelWorker] INFO TideSpecFlow.Utility.lognet - NavigateURL
2022-08-02 16:03:26,416 [NonParallelWorker] INFO TideSpecFlow.Utility.lognet - ClickOnButton
2022-08-02 16:03:27,239 [NonParallelWorker] INFO TideSpecFlow.Utility.lognet - ScrollToElement
2022-08-02 16:03:27,750 [NonParallelWorker] INFO TideSpecFlow.Utility.lognet - TakeSshottest
2022-08-02 16:03:33,875 [NonParallelWorker] INFO TideSpecFlow.Utility.lognet - InitializeDriver
2022-08-02 16:03:33,875 [NonParallelWorker] INFO TideSpecFlow.Utility.lognet - FeatureWebsites
2022-08-02 16:03:37,881 [NonParallelWorker] INFO TideSpecFlow.Utility.lognet - NavigateURL
2022-08-02 16:03:42,476 [NonParallelWorker] INFO TideSpecFlow.Utility.lognet - ClickOnButton
2022-08-02 16:03:45,776 [NonParallelWorker] INFO TideSpecFlow.Utility.lognet - ClickontheSignup
2022-08-02 16:03:46,036 [NonParallelWorker] INFO TideSpecFlow.Utility.lognet - TakeSshottest
2022-08-02 16:03:48,454 [NonParallelWorker] INFO TideSpecFlow.Utility.lognet - InitializeDriver
2022-08-02 16:03:48,454 [NonParallelWorker] INFO TideSpecFlow.Utility.lognet - FeatureWebsites
2022-08-02 16:03:57,466 [NonParallelWorker] INFO TideSpecFlow.Utility.lognet - NavigateURL
2022-08-02 16:04:02,037 [NonParallelWorker] INFO TideSpecFlow.Utility.lognet - ClickOnWhat_sNewButton
2022-08-02 16:04:02,408 [NonParallelWorker] INFO TideSpecFlow.Utility.lognet - TakeSshottest
2022-08-02 16:04:14,362 [NonParallelWorker] INFO TideSpecFlow.Utility.lognet - flushReport
2022-08-02 16:04:53,133 [NonParallelWorker] INFO TideSpecFlow.Utility.lognet - generateReport
2022-08-02 16:04:53,165 [NonParallelWorker] INFO TideSpecFlow.Utility.lognet - FeatureWebsites
2022-08-02 16:04:55,209 [NonParallelWorker] INFO TideSpecFlow.Utility.lognet - InitializeDriver
2022-08-02 16:04:55,211 [NonParallelWorker] INFO TideSpecFlow.Utility.lognet - FeatureWebsites
2022-08-02 16:05:03,473 [NonParallelWorker] INFO TideSpecFlow.Utility.lognet - NavigateURL
2022-08-02 16:05:07,779 [NonParallelWorker] INFO TideSpecFlow.Utility.lognet - ClickOnbutton
2022-08-02 16:05:21,105 [NonParallelWorker] INFO TideSpecFlow.Utility.lognet - flushReport
2022-08-02 16:09:46,302 [NonParallelWorker] INFO TideSpecFlow.Utility.lognet - generateReport
2022-08-02 16:09:46,329 [NonParallelWorker] INFO TideSpecFlow.Utility.lognet - FeatureWebsites
2022-08-02 16:09:48,166 [NonParallelWorker] INFO TideSpecFlow.Utility.lognet - InitializeDriver
2022-08-02 16:09:48,168 [NonParallelWorker] INFO TideSpecFlow.Utility.lognet - FeatureWebsites
2022-08-02 16:09:52,303 [NonParallelWorker] INFO TideSpecFlow.Utility.lognet - NavigateURL
2022-08-02 16:09:56,591 [NonParallelWorker] INFO TideSpecFlow.Utility.lognet - ClickOnbutton
2022-08-02 16:10:00,944 [NonParallelWorker] INFO TideSpecFlow.Utility.lognet - SelectLanguage
2022-08-02 16:10:01,630 [NonParallelWorker] INFO TideSpecFlow.Utility.lognet - TakeSshottest
2022-08-02 16:10:09,890 [NonParallelWorker] INFO TideSpecFlow.Utility.lognet - flushReport
2022-08-02 17:21:38,138 [NonParallelWorker] INFO TideSpecFlow.Utility.lognet - generateReport
2022-08-02 17:21:38,162 [NonParallelWorker] INFO TideSpecFlow.Utility.lognet - FeatureWebsites
2022-08-02 17:21:41,783 [NonParallelWorker] INFO TideSpecFlow.Utility.lognet - InitializeDriver
2022-08-02 17:21:41,788 [NonParallelWorker] INFO TideSpecFlow.Utility.lognet - FeatureWebsites
2022-08-02 17:21:46,004 [NonParallelWorker] INFO TideSpecFlow.Utility.lognet - NavigateURL
2022-08-02 17:21:51,417 [NonParallelWorker] INFO TideSpecFlow.Utility.lognet - ClickOnButton
2022-08-02 17:21:51,802 [NonParallelWorker] INFO TideSpecFlow.Utility.lognet - TakeSshottest
2022-08-02 17:21:57,810 [NonParallelWorker] INFO TideSpecFlow.Utility.lognet - InitializeDriver
2022-08-02 17:21:57,811 [NonParallelWorker] INFO TideSpecFlow.Utility.lognet - FeatureWebsites
2022-08-02 17:22:00,198 [NonParallelWorker] INFO TideSpecFlow.Utility.lognet - NavigateURL
2022-08-02 17:22:04,849 [NonParallelWorker] INFO TideSpecFlow.Utility.lognet - ClickOnButton
2022-08-02 17:22:05,216 [NonParallelWorker] INFO TideSpecFlow.Utility.lognet - TakeSshottest
2022-08-02 17:22:07,281 [NonParallelWorker] INFO TideSpecFlow.Utility.lognet - InitializeDriver
2022-08-02 17:22:07,281 [NonParallelWorker] INFO TideSpecFlow.Utility.lognet - FeatureWebsites
2022-08-02 17:22:11,260 [NonParallelWorker] INFO TideSpecFlow.Utility.lognet - NavigateURL
2022-08-02 17:22:15,719 [NonParallelWorker] INFO TideSpecFlow.Utility.lognet - ClickOnLiveChat
2022-08-02 17:22:16,019 [NonParallelWorker] INFO TideSpecFlow.Utility.lognet - ScrollToLiveChat
2022-08-02 17:22:16,659 [NonParallelWorker] INFO TideSpecFlow.Utility.lognet - TakeSshottest
2022-08-02 17:22:18,672 [NonParallelWorker] INFO TideSpecFlow.Utility.lognet - InitializeDriver
2022-08-02 17:22:18,673 [NonParallelWorker] INFO TideSpecFlow.Utility.lognet - FeatureWebsites
2022-08-02 17:22:22,679 [NonParallelWorker] INFO TideSpecFlow.Utility.lognet - NavigateURL
2022-08-02 17:22:27,088 [NonParallelWorker] INFO TideSpecFlow.Utility.lognet - ClickOnSearchBar
2022-08-02 17:22:29,411 [NonParallelWorker] INFO TideSpecFlow.Utility.lognet - EnterDataInSearchBar
2022-08-02 17:22:29,567 [NonParallelWorker] INFO TideSpecFlow.Utility.lognet - TakeSshottest
2022-08-02 17:22:35,577 [NonParallelWorker] INFO TideSpecFlow.Utility.lognet - InitializeDriver
2022-08-02 17:22:35,577 [NonParallelWorker] INFO TideSpecFlow.Utility.lognet - FeatureWebsites
2022-08-02 17:22:39,930 [NonParallelWorker] INFO TideSpecFlow.Utility.lognet - NavigateURL
2022-08-02 17:22:44,307 [NonParallelWorker] INFO TideSpecFlow.Utility.lognet - ClickOnbutton
2022-08-02 17:22:48,180 [NonParallelWorker] INFO TideSpecFlow.Utility.lognet - SelectLanguage
2022-08-02 17:22:48,719 [NonParallelWorker] INFO TideSpecFlow.Utility.lognet - TakeSshottest
2022-08-02 17:22:50,768 [NonParallelWorker] INFO TideSpecFlow.Utility.lognet - InitializeDriver
2022-08-02 17:22:50,768 [NonParallelWorker] INFO TideSpecFlow.Utility.lognet - FeatureWebsites
2022-08-02 17:22:54,547 [NonParallelWorker] INFO TideSpecFlow.Utility.lognet - NavigateURL
2022-08-02 17:22:59,063 [NonParallelWorker] INFO TideSpecFlow.Utility.lognet - ClickOnButton
2022-08-02 17:23:19,590 [NonParallelWorker] INFO TideSpecFlow.Utility.lognet - SelectProducts
2022-08-02 17:23:23,064 [NonParallelWorker] INFO TideSpecFlow.Utility.lognet - ClickOnFindRetailers
2022-08-02 17:23:23,234 [NonParallelWorker] INFO TideSpecFlow.Utility.lognet - TakeSshottest
2022-08-02 17:23:25,356 [NonParallelWorker] INFO TideSpecFlow.Utility.lognet - InitializeDriver
2022-08-02 17:23:25,356 [NonParallelWorker] INFO TideSpecFlow.Utility.lognet - FeatureWebsites
2022-08-02 17:23:27,528 [NonParallelWorker] INFO TideSpecFlow.Utility.lognet - NavigateURL
2022-08-02 17:23:31,249 [NonParallelWorker] INFO TideSpecFlow.Utility.lognet - EnterEmail
2022-08-02 17:23:33,418 [NonParallelWorker] INFO TideSpecFlow.Utility.lognet - EnterPassword
2022-08-02 17:23:33,577 [NonParallelWorker] INFO TideSpecFlow.Utility.lognet - Loginn
2022-08-02 17:23:33,737 [NonParallelWorker] INFO TideSpecFlow.Utility.lognet - TakeSshottest
2022-08-02 17:23:35,897 [NonParallelWorker] INFO TideSpecFlow.Utility.lognet - InitializeDriver
2022-08-02 17:23:35,897 [NonParallelWorker] INFO TideSpecFlow.Utility.lognet - FeatureWebsites
2022-08-02 17:23:53,819 [NonParallelWorker] INFO TideSpecFlow.Utility.lognet - NavigateURL
2022-08-02 17:23:58,442 [NonParallelWorker] INFO TideSpecFlow.Utility.lognet - ClickOnButton
2022-08-02 17:23:58,937 [NonParallelWorker] INFO TideSpecFlow.Utility.lognet - ScrollToElement
2022-08-02 17:23:59,658 [NonParallelWorker] INFO TideSpecFlow.Utility.lognet - TakeSshottest
2022-08-02 17:24:05,589 [NonParallelWorker] INFO TideSpecFlow.Utility.lognet - InitializeDriver
2022-08-02 17:24:05,589 [NonParallelWorker] INFO TideSpecFlow.Utility.lognet - FeatureWebsites
2022-08-02 17:24:11,734 [NonParallelWorker] INFO TideSpecFlow.Utility.lognet - NavigateURL
2022-08-02 17:24:16,109 [NonParallelWorker] INFO TideSpecFlow.Utility.lognet - InitializeDriver
2022-08-02 17:24:16,109 [NonParallelWorker] INFO TideSpecFlow.Utility.lognet - FeatureWebsites
2022-08-02 17:24:18,038 [NonParallelWorker] INFO TideSpecFlow.Utility.lognet - NavigateURL
2022-08-02 17:24:28,462 [NonParallelWorker] INFO TideSpecFlow.Utility.lognet - flushReport
2022-08-02 17:26:22,172 [NonParallelWorker] INFO TideSpecFlow.Utility.lognet - generateReport
2022-08-02 17:26:22,194 [NonParallelWorker] INFO TideSpecFlow.Utility.lognet - FeatureWebsites
2022-08-02 17:26:24,145 [NonParallelWorker] INFO TideSpecFlow.Utility.lognet - InitializeDriver
2022-08-02 17:26:24,147 [NonParallelWorker] INFO TideSpecFlow.Utility.lognet - FeatureWebsites
2022-08-02 17:26:28,001 [NonParallelWorker] INFO TideSpecFlow.Utility.lognet - NavigateURL
2022-08-02 17:26:32,483 [NonParallelWorker] INFO TideSpecFlow.Utility.lognet - ClickOnButton
2022-08-02 17:26:35,742 [NonParallelWorker] INFO TideSpecFlow.Utility.lognet - ClickontheSignup
2022-08-02 17:26:36,008 [NonParallelWorker] INFO TideSpecFlow.Utility.lognet - TakeSshottest
2022-08-02 17:26:44,610 [NonParallelWorker] INFO TideSpecFlow.Utility.lognet - flushReport
2022-08-02 17:26:54,775 [NonParallelWorker] INFO TideSpecFlow.Utility.lognet - generateReport
2022-08-02 17:26:54,801 [NonParallelWorker] INFO TideSpecFlow.Utility.lognet - FeatureWebsites
2022-08-02 17:26:57,109 [NonParallelWorker] INFO TideSpecFlow.Utility.lognet - InitializeDriver
2022-08-02 17:26:57,112 [NonParallelWorker] INFO TideSpecFlow.Utility.lognet - FeatureWebsites
2022-08-02 17:27:02,134 [NonParallelWorker] INFO TideSpecFlow.Utility.lognet - NavigateURL
2022-08-02 17:27:06,945 [NonParallelWorker] INFO TideSpecFlow.Utility.lognet - ClickOnWhat_sNewButton
2022-08-02 17:27:07,464 [NonParallelWorker] INFO TideSpecFlow.Utility.lognet - TakeSshottest
2022-08-02 17:27:15,626 [NonParallelWorker] INFO TideSpecFlow.Utility.lognet - flushReport
