2022-08-01 14:52:20,886 [NonParallelWorker] INFO TideNUnit.Utility.lognet - generateReport
2022-08-01 14:52:22,517 [NonParallelWorker] INFO TideNUnit.Utility.lognet - InitializeDriver
2022-08-01 14:52:26,065 [NonParallelWorker] INFO TideNUnit.Utility.lognet - NavigateURL
2022-08-01 14:52:29,292 [NonParallelWorker] INFO TideNUnit.Utility.lognet - CloseDriver
2022-08-01 14:52:31,469 [NonParallelWorker] INFO TideNUnit.Utility.lognet - InitializeDriver
2022-08-01 14:52:34,721 [NonParallelWorker] INFO TideNUnit.Utility.lognet - NavigateURL
2022-08-01 14:52:39,451 [NonParallelWorker] INFO TideNUnit.Utility.lognet - ClickOnButton
2022-08-01 14:52:39,851 [NonParallelWorker] INFO TideNUnit.Utility.lognet - TakeSshottest
2022-08-01 14:52:40,216 [NonParallelWorker] INFO TideNUnit.Utility.lognet - CloseDriver
2022-08-01 14:52:42,345 [NonParallelWorker] INFO TideNUnit.Utility.lognet - InitializeDriver
2022-08-01 14:52:46,913 [NonParallelWorker] INFO TideNUnit.Utility.lognet - NavigateURL
2022-08-01 14:52:51,479 [NonParallelWorker] INFO TideNUnit.Utility.lognet - ClickOnLiveChat
2022-08-01 14:52:51,905 [NonParallelWorker] INFO TideNUnit.Utility.lognet - TakeSshottest
2022-08-01 14:52:56,177 [NonParallelWorker] INFO TideNUnit.Utility.lognet - CloseDriver
2022-08-01 14:52:58,119 [NonParallelWorker] INFO TideNUnit.Utility.lognet - InitializeDriver
2022-08-01 14:53:00,646 [NonParallelWorker] INFO TideNUnit.Utility.lognet - NavigateURL
2022-08-01 14:53:04,610 [NonParallelWorker] INFO TideNUnit.Utility.lognet - EnterEmail
2022-08-01 14:53:06,773 [NonParallelWorker] INFO TideNUnit.Utility.lognet - EnterPassword
2022-08-01 14:53:06,931 [NonParallelWorker] INFO TideNUnit.Utility.lognet - Loginn
2022-08-01 14:53:07,198 [NonParallelWorker] INFO TideNUnit.Utility.lognet - TakeSshottest
2022-08-01 14:53:07,665 [NonParallelWorker] INFO TideNUnit.Utility.lognet - CloseDriver
2022-08-01 14:53:09,716 [NonParallelWorker] INFO TideNUnit.Utility.lognet - InitializeDriver
2022-08-01 14:53:14,428 [NonParallelWorker] INFO TideNUnit.Utility.lognet - NavigateURL
2022-08-01 14:53:19,105 [NonParallelWorker] INFO TideNUnit.Utility.lognet - ClickOnButton
2022-08-01 14:53:19,695 [NonParallelWorker] INFO TideNUnit.Utility.lognet - ScrollToElement
2022-08-01 14:53:20,548 [NonParallelWorker] INFO TideNUnit.Utility.lognet - TakeSshottest
2022-08-01 14:53:24,802 [NonParallelWorker] INFO TideNUnit.Utility.lognet - CloseDriver
2022-08-01 14:53:26,805 [NonParallelWorker] INFO TideNUnit.Utility.lognet - InitializeDriver
2022-08-01 14:53:30,424 [NonParallelWorker] INFO TideNUnit.Utility.lognet - NavigateURL
2022-08-01 14:53:32,786 [NonParallelWorker] INFO TideNUnit.Utility.lognet - CloseDriver
2022-08-01 14:53:34,845 [NonParallelWorker] INFO TideNUnit.Utility.lognet - InitializeDriver
2022-08-01 14:53:38,892 [NonParallelWorker] INFO TideNUnit.Utility.lognet - NavigateURL
2022-08-01 14:53:45,618 [NonParallelWorker] INFO TideNUnit.Utility.lognet - CloseDriver
2022-08-01 14:53:47,671 [NonParallelWorker] INFO TideNUnit.Utility.lognet - InitializeDriver
2022-08-01 14:53:52,679 [NonParallelWorker] INFO TideNUnit.Utility.lognet - NavigateURL
2022-08-01 14:53:56,974 [NonParallelWorker] INFO TideNUnit.Utility.lognet - ClickOnbutton
2022-08-01 14:54:01,444 [NonParallelWorker] INFO TideNUnit.Utility.lognet - SelectLanguage
2022-08-01 14:54:01,968 [NonParallelWorker] INFO TideNUnit.Utility.lognet - TakeSshottest
2022-08-01 14:54:02,603 [NonParallelWorker] INFO TideNUnit.Utility.lognet - CloseDriver
2022-08-01 14:54:05,043 [NonParallelWorker] INFO TideNUnit.Utility.lognet - InitializeDriver
2022-08-01 14:54:09,497 [NonParallelWorker] INFO TideNUnit.Utility.lognet - NavigateURL
2022-08-01 14:54:14,334 [NonParallelWorker] INFO TideNUnit.Utility.lognet - ClickOnButton
2022-08-01 14:54:34,348 [NonParallelWorker] INFO TideNUnit.Utility.lognet - SelectProducts
2022-08-01 14:54:37,304 [NonParallelWorker] INFO TideNUnit.Utility.lognet - ClickOnFindRetailers
2022-08-01 14:54:37,521 [NonParallelWorker] INFO TideNUnit.Utility.lognet - TakeSshottest
2022-08-01 14:54:37,825 [NonParallelWorker] INFO TideNUnit.Utility.lognet - CloseDriver
2022-08-01 14:54:39,776 [NonParallelWorker] INFO TideNUnit.Utility.lognet - InitializeDriver
2022-08-01 14:54:44,175 [NonParallelWorker] INFO TideNUnit.Utility.lognet - NavigateURL
2022-08-01 14:54:48,807 [NonParallelWorker] INFO TideNUnit.Utility.lognet - ClickOnWhat_sNewButton
2022-08-01 14:54:49,276 [NonParallelWorker] INFO TideNUnit.Utility.lognet - TakeSshottest
2022-08-01 14:54:53,516 [NonParallelWorker] INFO TideNUnit.Utility.lognet - CloseDriver
2022-08-01 14:54:53,521 [NonParallelWorker] INFO TideNUnit.Utility.lognet - flushReport
2022-08-01 14:55:43,437 [NonParallelWorker] INFO TideNUnit.Utility.lognet - generateReport
2022-08-01 14:55:45,183 [NonParallelWorker] INFO TideNUnit.Utility.lognet - InitializeDriver
2022-08-01 14:55:48,163 [NonParallelWorker] INFO TideNUnit.Utility.lognet - NavigateURL
2022-08-01 14:55:52,520 [NonParallelWorker] INFO TideNUnit.Utility.lognet - ClickOnSearchBar
2022-08-01 14:55:53,642 [NonParallelWorker] INFO TideNUnit.Utility.lognet - EnterDataInSearchBar
2022-08-01 14:55:54,200 [NonParallelWorker] INFO TideNUnit.Utility.lognet - TakeSshottest
2022-08-01 14:55:55,562 [NonParallelWorker] INFO TideNUnit.Utility.lognet - CloseDriver
2022-08-01 14:55:55,575 [NonParallelWorker] INFO TideNUnit.Utility.lognet - flushReport
2022-08-01 14:57:08,117 [NonParallelWorker] INFO TideNUnit.Utility.lognet - generateReport
2022-08-01 14:57:09,738 [NonParallelWorker] INFO TideNUnit.Utility.lognet - InitializeDriver
2022-08-01 14:57:15,451 [NonParallelWorker] INFO TideNUnit.Utility.lognet - NavigateURL
2022-08-01 14:57:20,227 [NonParallelWorker] INFO TideNUnit.Utility.lognet - ClickOnButton
2022-08-01 14:57:23,483 [NonParallelWorker] INFO TideNUnit.Utility.lognet - ClickontheSignup
2022-08-01 14:57:23,808 [NonParallelWorker] INFO TideNUnit.Utility.lognet - NavigateURL
2022-08-01 14:57:23,900 [NonParallelWorker] INFO TideNUnit.Utility.lognet - CloseDriver
2022-08-01 14:57:23,917 [NonParallelWorker] INFO TideNUnit.Utility.lognet - flushReport
2022-08-01 14:58:42,212 [NonParallelWorker] INFO TideNUnit.Utility.lognet - generateReport
2022-08-01 14:58:44,042 [NonParallelWorker] INFO TideNUnit.Utility.lognet - InitializeDriver
2022-08-01 14:58:52,387 [NonParallelWorker] INFO TideNUnit.Utility.lognet - NavigateURL
2022-08-01 14:58:56,935 [NonParallelWorker] INFO TideNUnit.Utility.lognet - ClickOnButton
2022-08-01 14:58:57,409 [NonParallelWorker] INFO TideNUnit.Utility.lognet - TakeSshottest
2022-08-01 14:58:57,823 [NonParallelWorker] INFO TideNUnit.Utility.lognet - CloseDriver
2022-08-01 14:58:57,839 [NonParallelWorker] INFO TideNUnit.Utility.lognet - flushReport
2022-08-01 21:23:59,902 [NonParallelWorker] INFO TideNUnit.Utility.lognet - generateReport
2022-08-01 21:24:04,568 [NonParallelWorker] INFO TideNUnit.Utility.lognet - InitializeDriver
2022-08-01 21:24:05,557 [NonParallelWorker] INFO TideNUnit.Utility.lognet - CloseDriver
2022-08-01 21:24:07,352 [NonParallelWorker] INFO TideNUnit.Utility.lognet - InitializeDriver
2022-08-01 21:24:07,676 [NonParallelWorker] INFO TideNUnit.Utility.lognet - CloseDriver
2022-08-01 21:24:09,539 [NonParallelWorker] INFO TideNUnit.Utility.lognet - InitializeDriver
2022-08-01 21:24:09,873 [NonParallelWorker] INFO TideNUnit.Utility.lognet - CloseDriver
2022-08-01 21:24:11,637 [NonParallelWorker] INFO TideNUnit.Utility.lognet - InitializeDriver
2022-08-01 21:24:14,361 [NonParallelWorker] INFO TideNUnit.Utility.lognet - NavigateURL
2022-08-01 21:24:17,953 [NonParallelWorker] INFO TideNUnit.Utility.lognet - EnterEmail
2022-08-01 21:24:20,114 [NonParallelWorker] INFO TideNUnit.Utility.lognet - EnterPassword
2022-08-01 21:24:20,279 [NonParallelWorker] INFO TideNUnit.Utility.lognet - Loginn
2022-08-01 21:24:20,474 [NonParallelWorker] INFO TideNUnit.Utility.lognet - TakeSshottest
2022-08-01 21:24:20,845 [NonParallelWorker] INFO TideNUnit.Utility.lognet - CloseDriver
2022-08-01 21:24:22,595 [NonParallelWorker] INFO TideNUnit.Utility.lognet - InitializeDriver
2022-08-01 21:24:22,879 [NonParallelWorker] INFO TideNUnit.Utility.lognet - CloseDriver
2022-08-01 21:24:24,671 [NonParallelWorker] INFO TideNUnit.Utility.lognet - InitializeDriver
2022-08-01 21:24:24,943 [NonParallelWorker] INFO TideNUnit.Utility.lognet - CloseDriver
2022-08-01 21:24:26,862 [NonParallelWorker] INFO TideNUnit.Utility.lognet - InitializeDriver
2022-08-01 21:24:27,168 [NonParallelWorker] INFO TideNUnit.Utility.lognet - CloseDriver
2022-08-01 21:24:29,033 [NonParallelWorker] INFO TideNUnit.Utility.lognet - InitializeDriver
2022-08-01 21:24:29,317 [NonParallelWorker] INFO TideNUnit.Utility.lognet - CloseDriver
2022-08-01 21:24:31,169 [NonParallelWorker] INFO TideNUnit.Utility.lognet - InitializeDriver
2022-08-01 21:24:31,461 [NonParallelWorker] INFO TideNUnit.Utility.lognet - CloseDriver
2022-08-01 21:24:33,245 [NonParallelWorker] INFO TideNUnit.Utility.lognet - InitializeDriver
2022-08-01 21:24:33,535 [NonParallelWorker] INFO TideNUnit.Utility.lognet - CloseDriver
2022-08-01 21:24:33,540 [NonParallelWorker] INFO TideNUnit.Utility.lognet - flushReport
2022-08-01 21:24:52,581 [NonParallelWorker] INFO TideNUnit.Utility.lognet - generateReport
2022-08-01 21:24:56,853 [NonParallelWorker] INFO TideNUnit.Utility.lognet - generateReport
2022-08-01 21:25:07,976 [NonParallelWorker] INFO TideNUnit.Utility.lognet - generateReport
2022-08-01 21:25:09,564 [NonParallelWorker] INFO TideNUnit.Utility.lognet - InitializeDriver
2022-08-01 21:25:09,921 [NonParallelWorker] INFO TideNUnit.Utility.lognet - CloseDriver
2022-08-01 21:25:11,763 [NonParallelWorker] INFO TideNUnit.Utility.lognet - InitializeDriver
2022-08-01 21:25:12,054 [NonParallelWorker] INFO TideNUnit.Utility.lognet - CloseDriver
2022-08-01 21:25:14,099 [NonParallelWorker] INFO TideNUnit.Utility.lognet - InitializeDriver
2022-08-01 21:25:15,031 [NonParallelWorker] INFO TideNUnit.Utility.lognet - CloseDriver
2022-08-01 21:25:17,020 [NonParallelWorker] INFO TideNUnit.Utility.lognet - InitializeDriver
2022-08-01 21:25:19,150 [NonParallelWorker] INFO TideNUnit.Utility.lognet - NavigateURL
2022-08-01 21:25:23,023 [NonParallelWorker] INFO TideNUnit.Utility.lognet - EnterEmail
2022-08-01 21:25:25,187 [NonParallelWorker] INFO TideNUnit.Utility.lognet - EnterPassword
2022-08-01 21:25:25,359 [NonParallelWorker] INFO TideNUnit.Utility.lognet - Loginn
2022-08-01 21:25:25,841 [NonParallelWorker] INFO TideNUnit.Utility.lognet - CloseDriver
2022-08-01 21:25:28,078 [NonParallelWorker] INFO TideNUnit.Utility.lognet - InitializeDriver
2022-08-01 21:25:28,442 [NonParallelWorker] INFO TideNUnit.Utility.lognet - CloseDriver
2022-08-01 21:25:30,801 [NonParallelWorker] INFO TideNUnit.Utility.lognet - InitializeDriver
2022-08-01 21:25:31,190 [NonParallelWorker] INFO TideNUnit.Utility.lognet - CloseDriver
2022-08-01 21:25:33,995 [NonParallelWorker] INFO TideNUnit.Utility.lognet - InitializeDriver
2022-08-01 21:25:34,474 [NonParallelWorker] INFO TideNUnit.Utility.lognet - CloseDriver
2022-08-01 21:25:36,621 [NonParallelWorker] INFO TideNUnit.Utility.lognet - InitializeDriver
2022-08-01 21:25:37,052 [NonParallelWorker] INFO TideNUnit.Utility.lognet - CloseDriver
2022-08-01 21:25:39,179 [NonParallelWorker] INFO TideNUnit.Utility.lognet - InitializeDriver
2022-08-01 21:25:39,540 [NonParallelWorker] INFO TideNUnit.Utility.lognet - CloseDriver
2022-08-01 21:25:41,870 [NonParallelWorker] INFO TideNUnit.Utility.lognet - InitializeDriver
2022-08-01 21:25:42,344 [NonParallelWorker] INFO TideNUnit.Utility.lognet - CloseDriver
2022-08-01 21:25:42,351 [NonParallelWorker] INFO TideNUnit.Utility.lognet - flushReport
2022-08-01 21:26:41,189 [NonParallelWorker] INFO TideNUnit.Utility.lognet - generateReport
2022-08-01 21:26:42,813 [NonParallelWorker] INFO TideNUnit.Utility.lognet - InitializeDriver
2022-08-01 21:26:47,333 [NonParallelWorker] INFO TideNUnit.Utility.lognet - NavigateURL
2022-08-01 21:26:51,813 [NonParallelWorker] INFO TideNUnit.Utility.lognet - ClickOnButton
2022-08-01 21:26:52,233 [NonParallelWorker] INFO TideNUnit.Utility.lognet - TakeSshottest
2022-08-01 21:26:52,476 [NonParallelWorker] INFO TideNUnit.Utility.lognet - CloseDriver
2022-08-01 21:26:54,439 [NonParallelWorker] INFO TideNUnit.Utility.lognet - InitializeDriver
2022-08-01 21:26:57,340 [NonParallelWorker] INFO TideNUnit.Utility.lognet - NavigateURL
2022-08-01 21:27:01,910 [NonParallelWorker] INFO TideNUnit.Utility.lognet - ClickOnButton
2022-08-01 21:27:02,259 [NonParallelWorker] INFO TideNUnit.Utility.lognet - TakeSshottest
2022-08-01 21:27:06,487 [NonParallelWorker] INFO TideNUnit.Utility.lognet - CloseDriver
2022-08-01 21:27:08,509 [NonParallelWorker] INFO TideNUnit.Utility.lognet - InitializeDriver
2022-08-01 21:27:12,188 [NonParallelWorker] INFO TideNUnit.Utility.lognet - NavigateURL
2022-08-01 21:27:16,718 [NonParallelWorker] INFO TideNUnit.Utility.lognet - ClickOnLiveChat
2022-08-01 21:27:17,036 [NonParallelWorker] INFO TideNUnit.Utility.lognet - TakeSshottest
2022-08-01 21:27:17,258 [NonParallelWorker] INFO TideNUnit.Utility.lognet - CloseDriver
2022-08-01 21:27:19,181 [NonParallelWorker] INFO TideNUnit.Utility.lognet - InitializeDriver
2022-08-01 21:27:21,376 [NonParallelWorker] INFO TideNUnit.Utility.lognet - NavigateURL
2022-08-01 21:27:24,943 [NonParallelWorker] INFO TideNUnit.Utility.lognet - EnterEmail
2022-08-01 21:27:27,093 [NonParallelWorker] INFO TideNUnit.Utility.lognet - EnterPassword
2022-08-01 21:27:27,246 [NonParallelWorker] INFO TideNUnit.Utility.lognet - Loginn
2022-08-01 21:27:27,417 [NonParallelWorker] INFO TideNUnit.Utility.lognet - TakeSshottest
2022-08-01 21:27:27,730 [NonParallelWorker] INFO TideNUnit.Utility.lognet - CloseDriver
2022-08-01 21:27:29,598 [NonParallelWorker] INFO TideNUnit.Utility.lognet - InitializeDriver
2022-08-01 21:27:32,552 [NonParallelWorker] INFO TideNUnit.Utility.lognet - NavigateURL
2022-08-01 21:27:37,109 [NonParallelWorker] INFO TideNUnit.Utility.lognet - ClickOnButton
2022-08-01 21:27:37,480 [NonParallelWorker] INFO TideNUnit.Utility.lognet - ScrollToElement
2022-08-01 21:27:38,272 [NonParallelWorker] INFO TideNUnit.Utility.lognet - TakeSshottest
2022-08-01 21:27:38,464 [NonParallelWorker] INFO TideNUnit.Utility.lognet - CloseDriver
2022-08-01 21:27:40,370 [NonParallelWorker] INFO TideNUnit.Utility.lognet - InitializeDriver
2022-08-01 21:27:44,789 [NonParallelWorker] INFO TideNUnit.Utility.lognet - NavigateURL
2022-08-01 21:27:49,270 [NonParallelWorker] INFO TideNUnit.Utility.lognet - ClickOnButton
2022-08-01 21:27:52,530 [NonParallelWorker] INFO TideNUnit.Utility.lognet - ClickontheSignup
2022-08-01 21:27:52,850 [NonParallelWorker] INFO TideNUnit.Utility.lognet - NavigateURL
2022-08-01 21:27:52,916 [NonParallelWorker] INFO TideNUnit.Utility.lognet - CloseDriver
2022-08-01 21:27:54,934 [NonParallelWorker] INFO TideNUnit.Utility.lognet - InitializeDriver
2022-08-01 21:28:01,315 [NonParallelWorker] INFO TideNUnit.Utility.lognet - NavigateURL
2022-08-01 21:28:05,758 [NonParallelWorker] INFO TideNUnit.Utility.lognet - ClickOnSearchBar
2022-08-01 21:28:06,790 [NonParallelWorker] INFO TideNUnit.Utility.lognet - EnterDataInSearchBar
2022-08-01 21:28:07,083 [NonParallelWorker] INFO TideNUnit.Utility.lognet - TakeSshottest
2022-08-01 21:28:07,349 [NonParallelWorker] INFO TideNUnit.Utility.lognet - CloseDriver
2022-08-01 21:28:09,595 [NonParallelWorker] INFO TideNUnit.Utility.lognet - InitializeDriver
2022-08-01 21:28:13,598 [NonParallelWorker] INFO TideNUnit.Utility.lognet - NavigateURL
2022-08-01 21:28:18,337 [NonParallelWorker] INFO TideNUnit.Utility.lognet - ClickOnbutton
2022-08-01 21:28:23,745 [NonParallelWorker] INFO TideNUnit.Utility.lognet - SelectLanguage
2022-08-01 21:28:24,527 [NonParallelWorker] INFO TideNUnit.Utility.lognet - TakeSshottest
2022-08-01 21:28:28,916 [NonParallelWorker] INFO TideNUnit.Utility.lognet - CloseDriver
2022-08-01 21:28:31,052 [NonParallelWorker] INFO TideNUnit.Utility.lognet - InitializeDriver
2022-08-01 21:28:35,738 [NonParallelWorker] INFO TideNUnit.Utility.lognet - NavigateURL
2022-08-01 21:28:40,600 [NonParallelWorker] INFO TideNUnit.Utility.lognet - ClickOnButton
2022-08-01 21:28:43,180 [NonParallelWorker] INFO TideNUnit.Utility.lognet - SelectProducts
2022-08-01 21:29:07,429 [NonParallelWorker] INFO TideNUnit.Utility.lognet - ClickOnFindRetailers
2022-08-01 21:29:07,663 [NonParallelWorker] INFO TideNUnit.Utility.lognet - TakeSshottest
2022-08-01 21:29:11,922 [NonParallelWorker] INFO TideNUnit.Utility.lognet - CloseDriver
2022-08-01 21:29:13,930 [NonParallelWorker] INFO TideNUnit.Utility.lognet - InitializeDriver
2022-08-01 21:29:17,987 [NonParallelWorker] INFO TideNUnit.Utility.lognet - NavigateURL
2022-08-01 21:29:22,792 [NonParallelWorker] INFO TideNUnit.Utility.lognet - ClickOnWhat_sNewButton
2022-08-01 21:29:23,208 [NonParallelWorker] INFO TideNUnit.Utility.lognet - TakeSshottest
2022-08-01 21:29:27,424 [NonParallelWorker] INFO TideNUnit.Utility.lognet - CloseDriver
2022-08-01 21:29:27,432 [NonParallelWorker] INFO TideNUnit.Utility.lognet - flushReport
2022-08-01 21:59:16,161 [NonParallelWorker] INFO TideNUnit.Utility.lognet - generateReport
2022-08-01 21:59:17,905 [NonParallelWorker] INFO TideNUnit.Utility.lognet - InitializeDriver
2022-08-01 21:59:22,773 [NonParallelWorker] INFO TideNUnit.Utility.lognet - NavigateURL
2022-08-01 21:59:27,980 [NonParallelWorker] INFO TideNUnit.Utility.lognet - ClickOnButton
2022-08-01 21:59:28,471 [NonParallelWorker] INFO TideNUnit.Utility.lognet - TakeSshottest
2022-08-01 21:59:33,205 [NonParallelWorker] INFO TideNUnit.Utility.lognet - CloseDriver
2022-08-01 21:59:35,323 [NonParallelWorker] INFO TideNUnit.Utility.lognet - InitializeDriver
2022-08-01 21:59:39,460 [NonParallelWorker] INFO TideNUnit.Utility.lognet - NavigateURL
2022-08-01 21:59:44,598 [NonParallelWorker] INFO TideNUnit.Utility.lognet - ClickOnButton
2022-08-01 21:59:44,954 [NonParallelWorker] INFO TideNUnit.Utility.lognet - TakeSshottest
2022-08-01 21:59:49,652 [NonParallelWorker] INFO TideNUnit.Utility.lognet - CloseDriver
2022-08-01 21:59:51,866 [NonParallelWorker] INFO TideNUnit.Utility.lognet - InitializeDriver
2022-08-01 21:59:55,928 [NonParallelWorker] INFO TideNUnit.Utility.lognet - NavigateURL
2022-08-01 22:00:00,988 [NonParallelWorker] INFO TideNUnit.Utility.lognet - ClickOnLiveChat
2022-08-01 22:00:01,368 [NonParallelWorker] INFO TideNUnit.Utility.lognet - TakeSshottest
2022-08-01 22:00:06,089 [NonParallelWorker] INFO TideNUnit.Utility.lognet - CloseDriver
2022-08-01 22:00:08,190 [NonParallelWorker] INFO TideNUnit.Utility.lognet - InitializeDriver
2022-08-01 22:00:10,716 [NonParallelWorker] INFO TideNUnit.Utility.lognet - NavigateURL
2022-08-01 22:00:19,469 [NonParallelWorker] INFO TideNUnit.Utility.lognet - CloseDriver
2022-08-01 22:00:21,390 [NonParallelWorker] INFO TideNUnit.Utility.lognet - InitializeDriver
2022-08-01 22:00:25,489 [NonParallelWorker] INFO TideNUnit.Utility.lognet - NavigateURL
2022-08-01 22:00:30,626 [NonParallelWorker] INFO TideNUnit.Utility.lognet - ClickOnButton
2022-08-01 22:00:31,088 [NonParallelWorker] INFO TideNUnit.Utility.lognet - ScrollToElement
2022-08-01 22:00:31,936 [NonParallelWorker] INFO TideNUnit.Utility.lognet - TakeSshottest
2022-08-01 22:00:36,164 [NonParallelWorker] INFO TideNUnit.Utility.lognet - CloseDriver
2022-08-01 22:00:38,099 [NonParallelWorker] INFO TideNUnit.Utility.lognet - InitializeDriver
2022-08-01 22:00:41,741 [NonParallelWorker] INFO TideNUnit.Utility.lognet - NavigateURL
2022-08-01 22:00:46,191 [NonParallelWorker] INFO TideNUnit.Utility.lognet - ClickOnButton
2022-08-01 22:00:49,460 [NonParallelWorker] INFO TideNUnit.Utility.lognet - ClickontheSignup
2022-08-01 22:00:49,762 [NonParallelWorker] INFO TideNUnit.Utility.lognet - NavigateURL
2022-08-01 22:00:49,810 [NonParallelWorker] INFO TideNUnit.Utility.lognet - CloseDriver
2022-08-01 22:00:52,010 [NonParallelWorker] INFO TideNUnit.Utility.lognet - InitializeDriver
2022-08-01 22:00:58,226 [NonParallelWorker] INFO TideNUnit.Utility.lognet - NavigateURL
2022-08-01 22:01:02,560 [NonParallelWorker] INFO TideNUnit.Utility.lognet - ClickOnSearchBar
2022-08-01 22:01:03,472 [NonParallelWorker] INFO TideNUnit.Utility.lognet - EnterDataInSearchBar
2022-08-01 22:01:03,877 [NonParallelWorker] INFO TideNUnit.Utility.lognet - TakeSshottest
2022-08-01 22:01:04,163 [NonParallelWorker] INFO TideNUnit.Utility.lognet - CloseDriver
2022-08-01 22:01:06,012 [NonParallelWorker] INFO TideNUnit.Utility.lognet - InitializeDriver
2022-08-01 22:01:10,382 [NonParallelWorker] INFO TideNUnit.Utility.lognet - NavigateURL
2022-08-01 22:01:15,004 [NonParallelWorker] INFO TideNUnit.Utility.lognet - ClickOnbutton
2022-08-01 22:01:19,525 [NonParallelWorker] INFO TideNUnit.Utility.lognet - SelectLanguage
2022-08-01 22:01:20,113 [NonParallelWorker] INFO TideNUnit.Utility.lognet - TakeSshottest
2022-08-01 22:01:20,397 [NonParallelWorker] INFO TideNUnit.Utility.lognet - CloseDriver
2022-08-01 22:01:22,607 [NonParallelWorker] INFO TideNUnit.Utility.lognet - InitializeDriver
2022-08-01 22:01:26,787 [NonParallelWorker] INFO TideNUnit.Utility.lognet - NavigateURL
2022-08-01 22:01:31,504 [NonParallelWorker] INFO TideNUnit.Utility.lognet - ClickOnButton
2022-08-01 22:01:34,161 [NonParallelWorker] INFO TideNUnit.Utility.lognet - SelectProducts
2022-08-01 22:01:59,021 [NonParallelWorker] INFO TideNUnit.Utility.lognet - ClickOnFindRetailers
2022-08-01 22:01:59,361 [NonParallelWorker] INFO TideNUnit.Utility.lognet - TakeSshottest
2022-08-01 22:01:59,704 [NonParallelWorker] INFO TideNUnit.Utility.lognet - CloseDriver
2022-08-01 22:02:02,198 [NonParallelWorker] INFO TideNUnit.Utility.lognet - InitializeDriver
2022-08-01 22:02:06,292 [NonParallelWorker] INFO TideNUnit.Utility.lognet - NavigateURL
2022-08-01 22:02:11,070 [NonParallelWorker] INFO TideNUnit.Utility.lognet - ClickOnWhat_sNewButton
2022-08-01 22:02:11,522 [NonParallelWorker] INFO TideNUnit.Utility.lognet - TakeSshottest
2022-08-01 22:02:11,834 [NonParallelWorker] INFO TideNUnit.Utility.lognet - CloseDriver
2022-08-01 22:02:21,723 [NonParallelWorker] INFO TideNUnit.Utility.lognet - flushReport
2022-08-01 22:05:26,860 [NonParallelWorker] INFO TideNUnit.Utility.lognet - generateReport
2022-08-01 22:05:28,424 [NonParallelWorker] INFO TideNUnit.Utility.lognet - InitializeDriver
2022-08-01 22:05:46,279 [NonParallelWorker] INFO TideNUnit.Utility.lognet - NavigateURL
2022-08-01 22:05:50,991 [NonParallelWorker] INFO TideNUnit.Utility.lognet - ClickOnButton
2022-08-01 22:05:51,454 [NonParallelWorker] INFO TideNUnit.Utility.lognet - TakeSshottest
2022-08-01 22:05:55,689 [NonParallelWorker] INFO TideNUnit.Utility.lognet - CloseDriver
2022-08-01 22:05:57,622 [NonParallelWorker] INFO TideNUnit.Utility.lognet - InitializeDriver
2022-08-01 22:06:01,474 [NonParallelWorker] INFO TideNUnit.Utility.lognet - NavigateURL
2022-08-01 22:06:06,116 [NonParallelWorker] INFO TideNUnit.Utility.lognet - ClickOnButton
2022-08-01 22:06:06,803 [NonParallelWorker] INFO TideNUnit.Utility.lognet - TakeSshottest
2022-08-01 22:06:07,075 [NonParallelWorker] INFO TideNUnit.Utility.lognet - CloseDriver
2022-08-01 22:06:09,108 [NonParallelWorker] INFO TideNUnit.Utility.lognet - InitializeDriver
2022-08-01 22:06:10,918 [NonParallelWorker] INFO TideNUnit.Utility.lognet - NavigateURL
2022-08-01 22:06:13,645 [NonParallelWorker] INFO TideNUnit.Utility.lognet - CloseDriver
2022-08-01 22:06:15,812 [NonParallelWorker] INFO TideNUnit.Utility.lognet - InitializeDriver
2022-08-01 22:06:17,974 [NonParallelWorker] INFO TideNUnit.Utility.lognet - NavigateURL
2022-08-01 22:06:22,115 [NonParallelWorker] INFO TideNUnit.Utility.lognet - CloseDriver
2022-08-01 22:06:24,158 [NonParallelWorker] INFO TideNUnit.Utility.lognet - InitializeDriver
2022-08-01 22:06:27,782 [NonParallelWorker] INFO TideNUnit.Utility.lognet - NavigateURL
2022-08-01 22:06:32,461 [NonParallelWorker] INFO TideNUnit.Utility.lognet - ClickOnButton
2022-08-01 22:06:32,961 [NonParallelWorker] INFO TideNUnit.Utility.lognet - ScrollToElement
2022-08-01 22:06:33,879 [NonParallelWorker] INFO TideNUnit.Utility.lognet - TakeSshottest
2022-08-01 22:06:38,130 [NonParallelWorker] INFO TideNUnit.Utility.lognet - CloseDriver
2022-08-01 22:06:40,046 [NonParallelWorker] INFO TideNUnit.Utility.lognet - InitializeDriver
2022-08-01 22:06:43,850 [NonParallelWorker] INFO TideNUnit.Utility.lognet - NavigateURL
2022-08-01 22:06:48,472 [NonParallelWorker] INFO TideNUnit.Utility.lognet - ClickOnButton
2022-08-01 22:06:51,727 [NonParallelWorker] INFO TideNUnit.Utility.lognet - ClickontheSignup
2022-08-01 22:06:52,048 [NonParallelWorker] INFO TideNUnit.Utility.lognet - NavigateURL
2022-08-01 22:06:52,114 [NonParallelWorker] INFO TideNUnit.Utility.lognet - CloseDriver
2022-08-01 22:06:54,394 [NonParallelWorker] INFO TideNUnit.Utility.lognet - InitializeDriver
2022-08-01 22:07:00,361 [NonParallelWorker] INFO TideNUnit.Utility.lognet - NavigateURL
2022-08-01 22:07:04,650 [NonParallelWorker] INFO TideNUnit.Utility.lognet - ClickOnSearchBar
2022-08-01 22:07:05,574 [NonParallelWorker] INFO TideNUnit.Utility.lognet - EnterDataInSearchBar
2022-08-01 22:07:05,997 [NonParallelWorker] INFO TideNUnit.Utility.lognet - TakeSshottest
2022-08-01 22:07:06,313 [NonParallelWorker] INFO TideNUnit.Utility.lognet - CloseDriver
2022-08-01 22:07:08,744 [NonParallelWorker] INFO TideNUnit.Utility.lognet - InitializeDriver
2022-08-01 22:07:12,943 [NonParallelWorker] INFO TideNUnit.Utility.lognet - NavigateURL
2022-08-01 22:07:17,413 [NonParallelWorker] INFO TideNUnit.Utility.lognet - ClickOnbutton
2022-08-01 22:07:22,456 [NonParallelWorker] INFO TideNUnit.Utility.lognet - SelectLanguage
2022-08-01 22:07:22,973 [NonParallelWorker] INFO TideNUnit.Utility.lognet - TakeSshottest
2022-08-01 22:07:27,333 [NonParallelWorker] INFO TideNUnit.Utility.lognet - CloseDriver
2022-08-01 22:07:29,328 [NonParallelWorker] INFO TideNUnit.Utility.lognet - InitializeDriver
2022-08-01 22:07:33,516 [NonParallelWorker] INFO TideNUnit.Utility.lognet - NavigateURL
2022-08-01 22:07:38,439 [NonParallelWorker] INFO TideNUnit.Utility.lognet - ClickOnButton
2022-08-01 22:08:04,843 [NonParallelWorker] INFO TideNUnit.Utility.lognet - SelectProducts
2022-08-01 22:08:08,306 [NonParallelWorker] INFO TideNUnit.Utility.lognet - ClickOnFindRetailers
2022-08-01 22:08:08,613 [NonParallelWorker] INFO TideNUnit.Utility.lognet - TakeSshottest
2022-08-01 22:08:08,945 [NonParallelWorker] INFO TideNUnit.Utility.lognet - CloseDriver
2022-08-01 22:08:10,946 [NonParallelWorker] INFO TideNUnit.Utility.lognet - InitializeDriver
2022-08-01 22:08:14,363 [NonParallelWorker] INFO TideNUnit.Utility.lognet - NavigateURL
2022-08-01 22:08:19,098 [NonParallelWorker] INFO TideNUnit.Utility.lognet - ClickOnWhat_sNewButton
2022-08-01 22:08:19,578 [NonParallelWorker] INFO TideNUnit.Utility.lognet - TakeSshottest
2022-08-01 22:08:23,778 [NonParallelWorker] INFO TideNUnit.Utility.lognet - CloseDriver
2022-08-01 22:08:30,262 [NonParallelWorker] INFO TideNUnit.Utility.lognet - flushReport
2022-08-01 22:13:42,945 [NonParallelWorker] INFO TideNUnit.Utility.lognet - generateReport
2022-08-01 22:13:45,129 [NonParallelWorker] INFO TideNUnit.Utility.lognet - InitializeDriver
2022-08-01 22:13:50,197 [NonParallelWorker] INFO TideNUnit.Utility.lognet - NavigateURL
2022-08-01 22:13:55,036 [NonParallelWorker] INFO TideNUnit.Utility.lognet - ClickOnButton
2022-08-01 22:13:55,539 [NonParallelWorker] INFO TideNUnit.Utility.lognet - TakeSshottest
2022-08-01 22:13:56,084 [NonParallelWorker] INFO TideNUnit.Utility.lognet - CloseDriver
2022-08-01 22:13:58,456 [NonParallelWorker] INFO TideNUnit.Utility.lognet - InitializeDriver
2022-08-01 22:14:02,476 [NonParallelWorker] INFO TideNUnit.Utility.lognet - NavigateURL
2022-08-01 22:14:07,191 [NonParallelWorker] INFO TideNUnit.Utility.lognet - ClickOnButton
2022-08-01 22:14:07,654 [NonParallelWorker] INFO TideNUnit.Utility.lognet - TakeSshottest
2022-08-01 22:14:11,844 [NonParallelWorker] INFO TideNUnit.Utility.lognet - CloseDriver
2022-08-01 22:14:13,829 [NonParallelWorker] INFO TideNUnit.Utility.lognet - InitializeDriver
2022-08-01 22:14:17,344 [NonParallelWorker] INFO TideNUnit.Utility.lognet - NavigateURL
2022-08-01 22:14:21,877 [NonParallelWorker] INFO TideNUnit.Utility.lognet - ClickOnLiveChat
2022-08-01 22:14:22,214 [NonParallelWorker] INFO TideNUnit.Utility.lognet - TakeSshottest
2022-08-01 22:14:22,491 [NonParallelWorker] INFO TideNUnit.Utility.lognet - CloseDriver
2022-08-01 22:14:24,427 [NonParallelWorker] INFO TideNUnit.Utility.lognet - InitializeDriver
2022-08-01 22:14:26,573 [NonParallelWorker] INFO TideNUnit.Utility.lognet - NavigateURL
2022-08-01 22:14:29,704 [NonParallelWorker] INFO TideNUnit.Utility.lognet - EnterEmail
2022-08-01 22:14:31,907 [NonParallelWorker] INFO TideNUnit.Utility.lognet - EnterPassword
2022-08-01 22:14:32,067 [NonParallelWorker] INFO TideNUnit.Utility.lognet - Loginn
2022-08-01 22:14:32,230 [NonParallelWorker] INFO TideNUnit.Utility.lognet - TakeSshottest
2022-08-01 22:14:32,577 [NonParallelWorker] INFO TideNUnit.Utility.lognet - CloseDriver
2022-08-01 22:14:34,428 [NonParallelWorker] INFO TideNUnit.Utility.lognet - InitializeDriver
2022-08-01 22:14:38,272 [NonParallelWorker] INFO TideNUnit.Utility.lognet - NavigateURL
2022-08-01 22:14:42,869 [NonParallelWorker] INFO TideNUnit.Utility.lognet - ClickOnButton
2022-08-01 22:14:43,299 [NonParallelWorker] INFO TideNUnit.Utility.lognet - ScrollToElement
2022-08-01 22:14:44,187 [NonParallelWorker] INFO TideNUnit.Utility.lognet - TakeSshottest
2022-08-01 22:14:44,525 [NonParallelWorker] INFO TideNUnit.Utility.lognet - CloseDriver
2022-08-01 22:14:46,455 [NonParallelWorker] INFO TideNUnit.Utility.lognet - InitializeDriver
2022-08-01 22:14:50,040 [NonParallelWorker] INFO TideNUnit.Utility.lognet - NavigateURL
2022-08-01 22:14:54,496 [NonParallelWorker] INFO TideNUnit.Utility.lognet - ClickOnButton
2022-08-01 22:14:57,680 [NonParallelWorker] INFO TideNUnit.Utility.lognet - ClickontheSignup
2022-08-01 22:14:57,981 [NonParallelWorker] INFO TideNUnit.Utility.lognet - NavigateURL
2022-08-01 22:14:58,044 [NonParallelWorker] INFO TideNUnit.Utility.lognet - CloseDriver
2022-08-01 22:15:00,257 [NonParallelWorker] INFO TideNUnit.Utility.lognet - InitializeDriver
2022-08-01 22:15:06,316 [NonParallelWorker] INFO TideNUnit.Utility.lognet - NavigateURL
2022-08-01 22:15:10,541 [NonParallelWorker] INFO TideNUnit.Utility.lognet - ClickOnSearchBar
2022-08-01 22:15:11,787 [NonParallelWorker] INFO TideNUnit.Utility.lognet - EnterDataInSearchBar
2022-08-01 22:15:12,352 [NonParallelWorker] INFO TideNUnit.Utility.lognet - TakeSshottest
2022-08-01 22:15:16,712 [NonParallelWorker] INFO TideNUnit.Utility.lognet - CloseDriver
2022-08-01 22:15:18,762 [NonParallelWorker] INFO TideNUnit.Utility.lognet - InitializeDriver
2022-08-01 22:15:22,786 [NonParallelWorker] INFO TideNUnit.Utility.lognet - NavigateURL
2022-08-01 22:15:27,070 [NonParallelWorker] INFO TideNUnit.Utility.lognet - ClickOnbutton
2022-08-01 22:15:30,926 [NonParallelWorker] INFO TideNUnit.Utility.lognet - SelectLanguage
2022-08-01 22:15:31,402 [NonParallelWorker] INFO TideNUnit.Utility.lognet - TakeSshottest
2022-08-01 22:15:31,576 [NonParallelWorker] INFO TideNUnit.Utility.lognet - CloseDriver
2022-08-01 22:15:33,237 [NonParallelWorker] INFO TideNUnit.Utility.lognet - InitializeDriver
2022-08-01 22:15:36,751 [NonParallelWorker] INFO TideNUnit.Utility.lognet - NavigateURL
2022-08-01 22:15:41,312 [NonParallelWorker] INFO TideNUnit.Utility.lognet - ClickOnButton
2022-08-01 22:16:03,567 [NonParallelWorker] INFO TideNUnit.Utility.lognet - SelectProducts
2022-08-01 22:16:07,129 [NonParallelWorker] INFO TideNUnit.Utility.lognet - ClickOnFindRetailers
2022-08-01 22:16:07,522 [NonParallelWorker] INFO TideNUnit.Utility.lognet - TakeSshottest
2022-08-01 22:16:07,836 [NonParallelWorker] INFO TideNUnit.Utility.lognet - CloseDriver
2022-08-01 22:16:09,807 [NonParallelWorker] INFO TideNUnit.Utility.lognet - InitializeDriver
2022-08-01 22:16:12,369 [NonParallelWorker] INFO TideNUnit.Utility.lognet - NavigateURL
2022-08-01 22:16:17,079 [NonParallelWorker] INFO TideNUnit.Utility.lognet - ClickOnWhat_sNewButton
2022-08-01 22:16:17,527 [NonParallelWorker] INFO TideNUnit.Utility.lognet - TakeSshottest
2022-08-01 22:16:17,929 [NonParallelWorker] INFO TideNUnit.Utility.lognet - CloseDriver
2022-08-01 22:16:25,196 [NonParallelWorker] INFO TideNUnit.Utility.lognet - flushReport
2022-08-02 17:13:38,384 [NonParallelWorker] INFO TideNUnit.Utility.lognet - generateReport
2022-08-02 17:13:41,073 [NonParallelWorker] INFO TideNUnit.Utility.lognet - InitializeDriver
2022-08-02 17:13:46,269 [NonParallelWorker] INFO TideNUnit.Utility.lognet - NavigateURL
2022-08-02 17:13:50,860 [NonParallelWorker] INFO TideNUnit.Utility.lognet - ClickOnButton
2022-08-02 17:13:51,344 [NonParallelWorker] INFO TideNUnit.Utility.lognet - TakeSshottest
2022-08-02 17:13:55,612 [NonParallelWorker] INFO TideNUnit.Utility.lognet - CloseDriver
2022-08-02 17:13:57,625 [NonParallelWorker] INFO TideNUnit.Utility.lognet - InitializeDriver
2022-08-02 17:14:01,703 [NonParallelWorker] INFO TideNUnit.Utility.lognet - NavigateURL
2022-08-02 17:14:06,278 [NonParallelWorker] INFO TideNUnit.Utility.lognet - ClickOnButton
2022-08-02 17:14:06,606 [NonParallelWorker] INFO TideNUnit.Utility.lognet - TakeSshottest
2022-08-02 17:14:06,878 [NonParallelWorker] INFO TideNUnit.Utility.lognet - CloseDriver
2022-08-02 17:14:08,780 [NonParallelWorker] INFO TideNUnit.Utility.lognet - InitializeDriver
2022-08-02 17:14:13,154 [NonParallelWorker] INFO TideNUnit.Utility.lognet - NavigateURL
2022-08-02 17:14:17,610 [NonParallelWorker] INFO TideNUnit.Utility.lognet - ClickOnLiveChat
2022-08-02 17:14:17,928 [NonParallelWorker] INFO TideNUnit.Utility.lognet - TakeSshottest
2022-08-02 17:14:22,172 [NonParallelWorker] INFO TideNUnit.Utility.lognet - CloseDriver
2022-08-02 17:14:23,919 [NonParallelWorker] INFO TideNUnit.Utility.lognet - InitializeDriver
2022-08-02 17:14:25,797 [NonParallelWorker] INFO TideNUnit.Utility.lognet - NavigateURL
2022-08-02 17:14:29,699 [NonParallelWorker] INFO TideNUnit.Utility.lognet - EnterEmail
2022-08-02 17:14:31,864 [NonParallelWorker] INFO TideNUnit.Utility.lognet - EnterPassword
2022-08-02 17:14:32,032 [NonParallelWorker] INFO TideNUnit.Utility.lognet - Loginn
2022-08-02 17:14:32,191 [NonParallelWorker] INFO TideNUnit.Utility.lognet - TakeSshottest
2022-08-02 17:14:36,527 [NonParallelWorker] INFO TideNUnit.Utility.lognet - CloseDriver
2022-08-02 17:14:38,376 [NonParallelWorker] INFO TideNUnit.Utility.lognet - InitializeDriver
2022-08-02 17:14:41,437 [NonParallelWorker] INFO TideNUnit.Utility.lognet - NavigateURL
2022-08-02 17:14:46,007 [NonParallelWorker] INFO TideNUnit.Utility.lognet - ClickOnButton
2022-08-02 17:14:46,430 [NonParallelWorker] INFO TideNUnit.Utility.lognet - ScrollToElement
2022-08-02 17:14:47,296 [NonParallelWorker] INFO TideNUnit.Utility.lognet - TakeSshottest
2022-08-02 17:14:51,524 [NonParallelWorker] INFO TideNUnit.Utility.lognet - CloseDriver
2022-08-02 17:14:53,527 [NonParallelWorker] INFO TideNUnit.Utility.lognet - InitializeDriver
2022-08-02 17:14:56,851 [NonParallelWorker] INFO TideNUnit.Utility.lognet - NavigateURL
2022-08-02 17:15:01,288 [NonParallelWorker] INFO TideNUnit.Utility.lognet - ClickOnButton
2022-08-02 17:15:04,570 [NonParallelWorker] INFO TideNUnit.Utility.lognet - ClickontheSignup
2022-08-02 17:15:04,844 [NonParallelWorker] INFO TideNUnit.Utility.lognet - NavigateURL
2022-08-02 17:15:04,914 [NonParallelWorker] INFO TideNUnit.Utility.lognet - CloseDriver
2022-08-02 17:15:07,126 [NonParallelWorker] INFO TideNUnit.Utility.lognet - InitializeDriver
2022-08-02 17:15:13,056 [NonParallelWorker] INFO TideNUnit.Utility.lognet - NavigateURL
2022-08-02 17:15:17,321 [NonParallelWorker] INFO TideNUnit.Utility.lognet - ClickOnSearchBar
2022-08-02 17:15:19,682 [NonParallelWorker] INFO TideNUnit.Utility.lognet - EnterDataInSearchBar
2022-08-02 17:15:19,903 [NonParallelWorker] INFO TideNUnit.Utility.lognet - TakeSshottest
2022-08-02 17:15:20,144 [NonParallelWorker] INFO TideNUnit.Utility.lognet - CloseDriver
2022-08-02 17:15:22,237 [NonParallelWorker] INFO TideNUnit.Utility.lognet - InitializeDriver
2022-08-02 17:15:26,568 [NonParallelWorker] INFO TideNUnit.Utility.lognet - NavigateURL
2022-08-02 17:15:30,973 [NonParallelWorker] INFO TideNUnit.Utility.lognet - ClickOnbutton
2022-08-02 17:15:35,421 [NonParallelWorker] INFO TideNUnit.Utility.lognet - SelectLanguage
2022-08-02 17:15:35,934 [NonParallelWorker] INFO TideNUnit.Utility.lognet - TakeSshottest
2022-08-02 17:15:40,381 [NonParallelWorker] INFO TideNUnit.Utility.lognet - CloseDriver
2022-08-02 17:15:42,359 [NonParallelWorker] INFO TideNUnit.Utility.lognet - InitializeDriver
2022-08-02 17:15:46,658 [NonParallelWorker] INFO TideNUnit.Utility.lognet - NavigateURL
2022-08-02 17:15:51,499 [NonParallelWorker] INFO TideNUnit.Utility.lognet - ClickOnButton
2022-08-02 17:15:54,165 [NonParallelWorker] INFO TideNUnit.Utility.lognet - SelectProducts
2022-08-02 17:16:14,360 [NonParallelWorker] INFO TideNUnit.Utility.lognet - ClickOnFindRetailers
2022-08-02 17:16:14,893 [NonParallelWorker] INFO TideNUnit.Utility.lognet - TakeSshottest
2022-08-02 17:16:15,525 [NonParallelWorker] INFO TideNUnit.Utility.lognet - CloseDriver
2022-08-02 17:16:18,137 [NonParallelWorker] INFO TideNUnit.Utility.lognet - InitializeDriver
2022-08-02 17:16:22,959 [NonParallelWorker] INFO TideNUnit.Utility.lognet - NavigateURL
2022-08-02 17:16:27,713 [NonParallelWorker] INFO TideNUnit.Utility.lognet - ClickOnWhat_sNewButton
2022-08-02 17:16:28,288 [NonParallelWorker] INFO TideNUnit.Utility.lognet - TakeSshottest
2022-08-02 17:16:32,794 [NonParallelWorker] INFO TideNUnit.Utility.lognet - CloseDriver
2022-08-02 17:16:41,549 [NonParallelWorker] INFO TideNUnit.Utility.lognet - flushReport
